2023-06-04 22:47:03,401 INFO o.a.j.u.JMeterUtils: Setting Locale to en_EN
2023-06-04 22:47:03,447 INFO o.a.j.JMeter: Loading user properties from: C:\Program Files\Apache JMeter\apache-jmeter-5.5\bin\user.properties
2023-06-04 22:47:03,451 INFO o.a.j.JMeter: Loading system properties from: C:\Program Files\Apache JMeter\apache-jmeter-5.5\bin\system.properties
2023-06-04 22:47:03,466 INFO o.a.j.JMeter: Copyright (c) 1998-2022 The Apache Software Foundation
2023-06-04 22:47:03,466 INFO o.a.j.JMeter: Version 5.5
2023-06-04 22:47:03,466 INFO o.a.j.JMeter: java.version=11.0.18
2023-06-04 22:47:03,466 INFO o.a.j.JMeter: java.vm.name=Java HotSpot(TM) 64-Bit Server VM
2023-06-04 22:47:03,466 INFO o.a.j.JMeter: os.name=Windows 10
2023-06-04 22:47:03,471 INFO o.a.j.JMeter: os.arch=amd64
2023-06-04 22:47:03,471 INFO o.a.j.JMeter: os.version=10.0
2023-06-04 22:47:03,471 INFO o.a.j.JMeter: file.encoding=Cp1252
2023-06-04 22:47:03,471 INFO o.a.j.JMeter: java.awt.headless=true
2023-06-04 22:47:03,471 INFO o.a.j.JMeter: Max memory     =1073741824
2023-06-04 22:47:03,471 INFO o.a.j.JMeter: Available Processors =4
2023-06-04 22:47:03,496 INFO o.a.j.JMeter: Default Locale=English (EN)
2023-06-04 22:47:03,496 INFO o.a.j.JMeter: JMeter  Locale=English (EN)
2023-06-04 22:47:03,496 INFO o.a.j.JMeter: JMeterHome=C:\Program Files\Apache JMeter\apache-jmeter-5.5
2023-06-04 22:47:03,496 INFO o.a.j.JMeter: user.dir  =C:\Users\nzsak\Desktop\0. Study\SQA\Assignments\04.JMeterPerformanceTest\AssignmentTwo
2023-06-04 22:47:03,496 INFO o.a.j.JMeter: PWD       =C:\Users\nzsak\Desktop\0. Study\SQA\Assignments\04.JMeterPerformanceTest\AssignmentTwo
2023-06-04 22:47:03,496 INFO o.a.j.JMeter: IP: 192.168.50.163 Name: HADES FullName: HADES
2023-06-04 22:47:03,537 INFO o.a.j.JMeter: Setting property 'jmeter.reportgenerator.outputdir' to:'C:\Users\nzsak\Desktop\0. Study\SQA\Assignments\04.JMeterPerformanceTest\AssignmentTwo\GeneratedReports'
2023-06-04 22:47:03,542 INFO o.a.j.s.FileServer: Default base='C:\Users\nzsak\Desktop\0. Study\SQA\Assignments\04.JMeterPerformanceTest\AssignmentTwo'
2023-06-04 22:47:03,547 INFO o.a.j.s.FileServer: Set new base='C:\Users\nzsak\Desktop\0. Study\SQA\Assignments\04.JMeterPerformanceTest\AssignmentTwo\.'
2023-06-04 22:47:03,981 INFO o.a.j.s.SaveService: Testplan (JMX) version: 2.2. Testlog (JTL) version: 2.2
2023-06-04 22:47:04,051 INFO o.a.j.s.SaveService: Using SaveService properties version 5.0
2023-06-04 22:47:04,058 INFO o.a.j.s.SaveService: Using SaveService properties file encoding UTF-8
2023-06-04 22:47:04,068 INFO o.a.j.s.SaveService: Loading file: .\dMoneyAPIJMeterTesting.jmx
2023-06-04 22:47:04,226 INFO o.a.j.p.h.s.HTTPSamplerBase: Parser for text/html is org.apache.jmeter.protocol.http.parser.LagartoBasedHtmlParser
2023-06-04 22:47:04,226 INFO o.a.j.p.h.s.HTTPSamplerBase: Parser for application/xhtml+xml is org.apache.jmeter.protocol.http.parser.LagartoBasedHtmlParser
2023-06-04 22:47:04,226 INFO o.a.j.p.h.s.HTTPSamplerBase: Parser for application/xml is org.apache.jmeter.protocol.http.parser.LagartoBasedHtmlParser
2023-06-04 22:47:04,226 INFO o.a.j.p.h.s.HTTPSamplerBase: Parser for text/xml is org.apache.jmeter.protocol.http.parser.LagartoBasedHtmlParser
2023-06-04 22:47:04,226 INFO o.a.j.p.h.s.HTTPSamplerBase: Parser for text/vnd.wap.wml is org.apache.jmeter.protocol.http.parser.RegexpHTMLParser
2023-06-04 22:47:04,226 INFO o.a.j.p.h.s.HTTPSamplerBase: Parser for text/css is org.apache.jmeter.protocol.http.parser.CssParser
2023-06-04 22:47:04,372 INFO o.a.j.JMeter: Creating summariser <summary>
2023-06-04 22:47:04,382 INFO o.a.j.r.d.ReportGenerator: ReportGenerator will use for Parsing the separator: ','
2023-06-04 22:47:04,382 INFO o.a.j.r.d.ReportGenerator: Will generate report at end of test from  results file: dMoneyAPIJMeterTesting-log.csv
2023-06-04 22:47:04,387 INFO o.a.j.r.d.ReportGenerator: Reading report generator properties from: C:\Program Files\Apache JMeter\apache-jmeter-5.5\bin\reportgenerator.properties
2023-06-04 22:47:04,389 INFO o.a.j.r.d.ReportGenerator: Merging with JMeter properties
2023-06-04 22:47:04,395 INFO o.a.j.r.c.ReportGeneratorConfiguration: Property 'jmeter.reportgenerator.temp_dir' not found, using default value 'temp' instead.
2023-06-04 22:47:04,400 INFO o.a.j.r.c.ReportGeneratorConfiguration: Property 'jmeter.reportgenerator.apdex_per_transaction' not found, using default value 'null' instead.
2023-06-04 22:47:04,400 INFO o.a.j.r.c.ReportGeneratorConfiguration: apdex_per_transaction is empty, not APDEX per transaction customization
2023-06-04 22:47:04,400 INFO o.a.j.r.c.ReportGeneratorConfiguration: Property 'jmeter.reportgenerator.sample_filter' not found, using default value 'null' instead.
2023-06-04 22:47:04,400 INFO o.a.j.r.c.ReportGeneratorConfiguration: Property 'jmeter.reportgenerator.report_title' not found, using default value 'null' instead.
2023-06-04 22:47:04,400 INFO o.a.j.r.c.ReportGeneratorConfiguration: Property 'jmeter.reportgenerator.start_date' not found, using default value 'null' instead.
2023-06-04 22:47:04,400 INFO o.a.j.r.c.ReportGeneratorConfiguration: Property 'jmeter.reportgenerator.end_date' not found, using default value 'null' instead.
2023-06-04 22:47:04,400 INFO o.a.j.r.c.ReportGeneratorConfiguration: Property 'jmeter.reportgenerator.date_format' not found, using default value 'null' instead.
2023-06-04 22:47:04,400 INFO o.a.j.r.c.ReportGeneratorConfiguration: Will use date range start date: null, end date: null
2023-06-04 22:47:04,412 INFO o.a.j.r.c.ReportGeneratorConfiguration: Property 'jmeter.reportgenerator.graph.totalTPS.exclude_controllers' not found, using default value 'false' instead.
2023-06-04 22:47:04,412 INFO o.a.j.r.c.ReportGeneratorConfiguration: Property 'jmeter.reportgenerator.graph.activeThreadsOverTime.exclude_controllers' not found, using default value 'false' instead.
2023-06-04 22:47:04,412 INFO o.a.j.r.c.ReportGeneratorConfiguration: Property 'jmeter.reportgenerator.graph.timeVsThreads.exclude_controllers' not found, using default value 'false' instead.
2023-06-04 22:47:04,412 INFO o.a.j.r.c.ReportGeneratorConfiguration: Property 'jmeter.reportgenerator.graph.responseTimeDistribution.exclude_controllers' not found, using default value 'false' instead.
2023-06-04 22:47:04,412 INFO o.a.j.r.c.ReportGeneratorConfiguration: Property 'jmeter.reportgenerator.graph.transactionsPerSecond.exclude_controllers' not found, using default value 'false' instead.
2023-06-04 22:47:04,412 INFO o.a.j.r.c.ReportGeneratorConfiguration: Property 'jmeter.reportgenerator.graph.responseTimePercentiles.exclude_controllers' not found, using default value 'false' instead.
2023-06-04 22:47:04,412 INFO o.a.j.r.c.ReportGeneratorConfiguration: Property 'jmeter.reportgenerator.graph.responseTimePercentilesOverTime.exclude_controllers' not found, using default value 'false' instead.
2023-06-04 22:47:04,412 INFO o.a.j.r.c.ReportGeneratorConfiguration: Property 'jmeter.reportgenerator.graph.responseTimesOverTime.exclude_controllers' not found, using default value 'false' instead.
2023-06-04 22:47:04,417 INFO o.a.j.r.c.ReportGeneratorConfiguration: Property 'jmeter.reportgenerator.graph.connectTimeOverTime.exclude_controllers' not found, using default value 'false' instead.
2023-06-04 22:47:04,417 INFO o.a.j.r.c.ReportGeneratorConfiguration: Property 'jmeter.reportgenerator.graph.latenciesOverTime.exclude_controllers' not found, using default value 'false' instead.
2023-06-04 22:47:04,417 INFO o.a.j.r.c.ReportGeneratorConfiguration: Property 'jmeter.reportgenerator.exporter.json.filters_only_sample_series' not found, using default value 'true' instead.
2023-06-04 22:47:04,417 INFO o.a.j.r.c.ReportGeneratorConfiguration: Property 'jmeter.reportgenerator.exporter.json.series_filter' not found, using default value '' instead.
2023-06-04 22:47:04,417 INFO o.a.j.r.c.ReportGeneratorConfiguration: Property 'jmeter.reportgenerator.exporter.json.show_controllers_only' not found, using default value 'false' instead.
2023-06-04 22:47:04,422 INFO o.a.j.r.c.ReportGeneratorConfiguration: Property 'jmeter.reportgenerator.exporter.html.filters_only_sample_series' not found, using default value 'true' instead.
2023-06-04 22:47:04,422 INFO o.a.j.r.c.ReportGeneratorConfiguration: Property 'jmeter.reportgenerator.exporter.html.series_filter' not found, using default value '' instead.
2023-06-04 22:47:04,422 INFO o.a.j.r.c.ReportGeneratorConfiguration: Property 'jmeter.reportgenerator.exporter.html.show_controllers_only' not found, using default value 'false' instead.
2023-06-04 22:47:04,447 INFO o.a.j.e.StandardJMeterEngine: Running the test!
2023-06-04 22:47:04,447 INFO o.a.j.s.SampleEvent: List of sample_variables: []
2023-06-04 22:47:04,447 INFO o.a.j.s.SampleEvent: List of sample_variables: []
2023-06-04 22:47:04,462 INFO o.a.j.e.u.CompoundVariable: Note: Function class names must contain the string: '.functions.'
2023-06-04 22:47:04,462 INFO o.a.j.e.u.CompoundVariable: Note: Function class names must not contain the string: '.gui.'
2023-06-04 22:47:05,172 INFO o.a.j.JMeter: Running test (1685897225172)
2023-06-04 22:47:05,208 INFO o.a.j.e.StandardJMeterEngine: Starting ThreadGroup: 1 : dMoney-API-JMeter-Testing
2023-06-04 22:47:05,208 INFO o.a.j.e.StandardJMeterEngine: Starting 1 threads for group dMoney-API-JMeter-Testing.
2023-06-04 22:47:05,209 INFO o.a.j.e.StandardJMeterEngine: Thread will continue on error
2023-06-04 22:47:05,209 INFO o.a.j.t.ThreadGroup: Starting thread group... number=1 threads=1 ramp-up=1 delayedStart=false
2023-06-04 22:47:05,224 INFO o.a.j.t.ThreadGroup: Started thread group number 1
2023-06-04 22:47:05,224 INFO o.a.j.e.StandardJMeterEngine: All thread groups have been started
2023-06-04 22:47:05,307 INFO o.a.j.t.JMeterThread: Thread started: dMoney-API-JMeter-Testing 1-1
2023-06-04 22:47:06,357 INFO o.a.j.p.h.s.HTTPHCAbstractImpl: Local host = HADES
2023-06-04 22:47:06,371 INFO o.a.j.p.h.s.HTTPHC4Impl: HTTP request retry count = 0
2023-06-04 22:47:06,371 INFO o.a.j.s.SampleResult: Note: Sample TimeStamps are START times
2023-06-04 22:47:06,371 INFO o.a.j.s.SampleResult: sampleresult.default.encoding is set to ISO-8859-1
2023-06-04 22:47:06,371 INFO o.a.j.s.SampleResult: sampleresult.useNanoTime=true
2023-06-04 22:47:06,371 INFO o.a.j.s.SampleResult: sampleresult.nanoThreadSleep=5000
2023-06-04 22:47:15,420 INFO o.a.j.t.JMeterThread: Thread is done: dMoney-API-JMeter-Testing 1-1
2023-06-04 22:47:15,420 INFO o.a.j.t.JMeterThread: Thread finished: dMoney-API-JMeter-Testing 1-1
2023-06-04 22:47:15,420 INFO o.a.j.e.StandardJMeterEngine: Notifying test listeners of end of test
2023-06-04 22:47:15,425 INFO o.a.j.r.Summariser: summary =      9 in 00:00:10 =    0.9/s Avg:    83 Min:    28 Max:   171 Err:     1 (11.11%)
2023-06-04 22:47:15,425 INFO o.a.j.JMeter: Generating Dashboard
2023-06-04 22:47:15,425 INFO o.a.j.r.d.ReportGenerator: Flushing result collector before report Generation
2023-06-04 22:47:15,451 INFO o.a.j.r.p.NormalizerSampleConsumer: Using format, 'ms', to parse timeStamp field
2023-06-04 22:47:15,947 INFO o.a.j.r.p.AbstractSampleConsumer: class org.apache.jmeter.report.processor.AggregateConsumer#stopProducing(): beginDate produced 0 samples
2023-06-04 22:47:15,947 INFO o.a.j.r.p.AbstractSampleConsumer: class org.apache.jmeter.report.processor.AggregateConsumer#stopProducing(): endDate produced 0 samples
2023-06-04 22:47:15,950 INFO o.a.j.r.p.AbstractSampleConsumer: class org.apache.jmeter.report.processor.ApdexSummaryConsumer#stopProducing(): apdexSummary produced 0 samples
2023-06-04 22:47:15,950 INFO o.a.j.r.p.AbstractSampleConsumer: class org.apache.jmeter.report.processor.RequestsSummaryConsumer#stopProducing(): requestsSummary produced 0 samples
2023-06-04 22:47:15,965 INFO o.a.j.r.p.AbstractSampleConsumer: class org.apache.jmeter.report.processor.StatisticsSummaryConsumer#stopProducing(): statisticsSummary produced 0 samples
2023-06-04 22:47:15,970 INFO o.a.j.r.p.AbstractSampleConsumer: class org.apache.jmeter.report.processor.Top5ErrorsBySamplerConsumer#stopProducing(): top5ErrorsBySampler produced 0 samples
2023-06-04 22:47:15,970 INFO o.a.j.r.p.AbstractSampleConsumer: class org.apache.jmeter.report.processor.ErrorsSummaryConsumer#stopProducing(): errorsSummary produced 0 samples
2023-06-04 22:47:15,970 INFO o.a.j.r.p.AbstractSampleConsumer: class org.apache.jmeter.report.processor.graph.impl.HitsPerSecondGraphConsumer#stopProducing(): hitsPerSecond produced 0 samples
2023-06-04 22:47:15,986 INFO o.a.j.r.p.AbstractSampleConsumer: class org.apache.jmeter.report.processor.graph.impl.LatencyVSRequestGraphConsumer#stopProducing(): latencyVsRequest produced 0 samples
2023-06-04 22:47:15,991 INFO o.a.j.r.p.AbstractSampleConsumer: class org.apache.jmeter.report.processor.graph.impl.SyntheticResponseTimeDistributionGraphConsumer#stopProducing(): syntheticResponseTimeDistribution produced 0 samples
2023-06-04 22:47:15,991 INFO o.a.j.r.p.AbstractSampleConsumer: class org.apache.jmeter.report.processor.graph.impl.BytesThroughputGraphConsumer#stopProducing(): bytesThroughputOverTime produced 0 samples
2023-06-04 22:47:15,991 INFO o.a.j.r.p.AbstractSampleConsumer: class org.apache.jmeter.report.processor.graph.impl.CodesPerSecondGraphConsumer#stopProducing(): codesPerSecond produced 0 samples
2023-06-04 22:47:16,001 INFO o.a.j.r.p.AbstractSampleConsumer: class org.apache.jmeter.report.processor.graph.impl.ResponseTimeVSRequestGraphConsumer#stopProducing(): responseTimeVsRequest produced 0 samples
2023-06-04 22:47:16,001 INFO o.a.j.r.p.AbstractSampleConsumer: class org.apache.jmeter.report.processor.FilterConsumer#stopProducing(): startIntervalControlerFilter produced 63 samples
2023-06-04 22:47:16,001 INFO o.a.j.r.p.AbstractSampleConsumer: class org.apache.jmeter.report.processor.graph.impl.TotalTPSGraphConsumer#stopProducing(): totalTPS produced 0 samples
2023-06-04 22:47:16,001 INFO o.a.j.r.p.AbstractSampleConsumer: class org.apache.jmeter.report.processor.graph.impl.ActiveThreadsGraphConsumer#stopProducing(): activeThreadsOverTime produced 0 samples
2023-06-04 22:47:16,001 INFO o.a.j.r.p.AbstractSampleConsumer: class org.apache.jmeter.report.processor.graph.impl.TimeVSThreadGraphConsumer#stopProducing(): timeVsThreads produced 0 samples
2023-06-04 22:47:16,006 INFO o.a.j.r.p.AbstractSampleConsumer: class org.apache.jmeter.report.processor.graph.impl.ResponseTimeDistributionGraphConsumer#stopProducing(): responseTimeDistribution produced 0 samples
2023-06-04 22:47:16,007 INFO o.a.j.r.p.AbstractSampleConsumer: class org.apache.jmeter.report.processor.graph.impl.TransactionsPerSecondGraphConsumer#stopProducing(): transactionsPerSecond produced 0 samples
2023-06-04 22:47:16,008 INFO o.a.j.r.p.AbstractSampleConsumer: class org.apache.jmeter.report.processor.graph.impl.ResponseTimePercentilesGraphConsumer#stopProducing(): responseTimePercentiles produced 0 samples
2023-06-04 22:47:16,015 INFO o.a.j.r.p.AbstractSampleConsumer: class org.apache.jmeter.report.processor.graph.impl.ResponseTimePercentilesOverTimeGraphConsumer#stopProducing(): responseTimePercentilesOverTime produced 0 samples
2023-06-04 22:47:16,016 INFO o.a.j.r.p.AbstractSampleConsumer: class org.apache.jmeter.report.processor.graph.impl.ResponseTimeOverTimeGraphConsumer#stopProducing(): responseTimesOverTime produced 0 samples
2023-06-04 22:47:16,018 INFO o.a.j.r.p.AbstractSampleConsumer: class org.apache.jmeter.report.processor.graph.impl.ConnectTimeOverTimeGraphConsumer#stopProducing(): connectTimeOverTime produced 0 samples
2023-06-04 22:47:16,018 INFO o.a.j.r.p.AbstractSampleConsumer: class org.apache.jmeter.report.processor.graph.impl.LatencyOverTimeGraphConsumer#stopProducing(): latenciesOverTime produced 0 samples
2023-06-04 22:47:16,019 INFO o.a.j.r.p.AbstractSampleConsumer: class org.apache.jmeter.report.processor.FilterConsumer#stopProducing(): nameFilter produced 135 samples
2023-06-04 22:47:16,019 INFO o.a.j.r.p.AbstractSampleConsumer: class org.apache.jmeter.report.processor.FilterConsumer#stopProducing(): dateRangeFilter produced 27 samples
2023-06-04 22:47:16,019 INFO o.a.j.r.p.AbstractSampleConsumer: class org.apache.jmeter.report.processor.NormalizerSampleConsumer#stopProducing(): normalizer produced 9 samples
2023-06-04 22:47:16,020 INFO o.a.j.r.p.CsvFileSampleSource: produce(): 9 samples produced in 512ms on channel 0
2023-06-04 22:47:16,021 INFO o.a.j.r.d.ReportGenerator: Exporting data using exporter:'json' of className:'org.apache.jmeter.report.dashboard.JsonExporter'
2023-06-04 22:47:16,351 INFO o.a.j.r.d.JsonExporter: Found data for consumer statisticsSummary in context
2023-06-04 22:47:16,356 INFO o.a.j.r.d.JsonExporter: Creating statistics for overall
2023-06-04 22:47:16,356 INFO o.a.j.r.d.JsonExporter: Creating statistics for other transactions
2023-06-04 22:47:16,356 INFO o.a.j.r.d.JsonExporter: Checking output folder
2023-06-04 22:47:16,356 INFO o.a.j.r.d.JsonExporter: Writing statistics JSON to C:\Users\nzsak\Desktop\0. Study\SQA\Assignments\04.JMeterPerformanceTest\AssignmentTwo\GeneratedReports\statistics.json
2023-06-04 22:47:16,491 INFO o.a.j.r.d.ReportGenerator: Exporting data using exporter:'html' of className:'org.apache.jmeter.report.dashboard.HtmlTemplateExporter'
2023-06-04 22:47:16,506 INFO o.a.j.r.d.HtmlTemplateExporter: Will generate dashboard in folder: C:\Users\nzsak\Desktop\0. Study\SQA\Assignments\04.JMeterPerformanceTest\AssignmentTwo\GeneratedReports
2023-06-04 22:47:16,854 INFO o.a.j.r.d.HtmlTemplateExporter: Report will be generated in: C:\Users\nzsak\Desktop\0. Study\SQA\Assignments\04.JMeterPerformanceTest\AssignmentTwo\GeneratedReports, creating folder structure
2023-06-04 22:47:16,859 INFO o.a.j.r.d.TemplateVisitor: Copying folder from 'C:\Program Files\Apache JMeter\apache-jmeter-5.5\bin\report-template' to 'C:\Users\nzsak\Desktop\0. Study\SQA\Assignments\04.JMeterPerformanceTest\AssignmentTwo\GeneratedReports', got message: C:\Users\nzsak\Desktop\0. Study\SQA\Assignments\04.JMeterPerformanceTest\AssignmentTwo\GeneratedReports, found non empty folder with following content [C:\Users\nzsak\Desktop\0. Study\SQA\Assignments\04.JMeterPerformanceTest\AssignmentTwo\GeneratedReports\statistics.json], will be ignored
2023-06-04 22:47:18,285 INFO o.a.j.JMeter: Dashboard generated
